2025-09-10 19:04:07,189 - __main__ - INFO - Starting corrected data generation for tenant: Acme Corp (Scale: 1x)
2025-09-10 19:04:07,189 - __main__ - INFO - Generating 5 locations for tenant Acme Corp
2025-09-10 19:04:07,190 - __main__ - INFO - Generated 5 location entities
2025-09-10 19:04:07,190 - __main__ - INFO - Generating 20 device proxies for tenant Acme Corp
2025-09-10 19:04:07,190 - __main__ - INFO - Generated 20 DeviceProxyIn and 20 DeviceProxyOut entities
2025-09-10 19:04:07,190 - __main__ - INFO - Generating device configurations with 5 historical versions
2025-09-10 19:04:07,191 - __main__ - INFO - Generated 120 device configurations and 240 version edges
2025-09-10 19:04:07,191 - __main__ - INFO - Generating 30 software entities
2025-09-10 19:04:07,192 - __main__ - INFO - Generated 30 software entities
2025-09-10 19:04:07,192 - __main__ - INFO - Generating 30 hasConnection edges
2025-09-10 19:04:07,192 - __main__ - INFO - Generated 30 hasConnection edges
2025-09-10 19:04:07,192 - __main__ - INFO - Generating hasLocation edges
2025-09-10 19:04:07,192 - __main__ - INFO - Generated 20 hasLocation edges
2025-09-10 19:04:07,192 - __main__ - INFO - Generating 40 hasSoftware edges
2025-09-10 19:04:07,192 - __main__ - INFO - Generated 40 hasSoftware edges
2025-09-10 19:04:07,201 - __main__ - INFO - Completed corrected data generation: 525 total documents
2025-09-10 19:04:07,201 - __main__ - INFO - Starting corrected data generation for tenant: Global Enterprises (Scale: 3x)
2025-09-10 19:04:07,202 - __main__ - INFO - Generating 15 locations for tenant Global Enterprises
2025-09-10 19:04:07,202 - __main__ - INFO - Generated 15 location entities
2025-09-10 19:04:07,202 - __main__ - INFO - Generating 60 device proxies for tenant Global Enterprises
2025-09-10 19:04:07,202 - __main__ - INFO - Generated 60 DeviceProxyIn and 60 DeviceProxyOut entities
2025-09-10 19:04:07,202 - __main__ - INFO - Generating device configurations with 5 historical versions
2025-09-10 19:04:07,207 - __main__ - INFO - Generated 360 device configurations and 720 version edges
2025-09-10 19:04:07,207 - __main__ - INFO - Generating 90 software entities
2025-09-10 19:04:07,210 - __main__ - INFO - Generated 90 software entities
2025-09-10 19:04:07,211 - __main__ - INFO - Generating 90 hasConnection edges
2025-09-10 19:04:07,211 - __main__ - INFO - Generated 90 hasConnection edges
2025-09-10 19:04:07,211 - __main__ - INFO - Generating hasLocation edges
2025-09-10 19:04:07,212 - __main__ - INFO - Generated 60 hasLocation edges
2025-09-10 19:04:07,212 - __main__ - INFO - Generating 120 hasSoftware edges
2025-09-10 19:04:07,212 - __main__ - INFO - Generated 89 hasSoftware edges
2025-09-10 19:04:07,237 - __main__ - INFO - Completed corrected data generation: 1544 total documents
2025-09-10 19:04:07,237 - __main__ - INFO - Starting corrected data generation for tenant: StartupXYZ (Scale: 1x)
2025-09-10 19:04:07,237 - __main__ - INFO - Generating 2 locations for tenant StartupXYZ
2025-09-10 19:04:07,237 - __main__ - INFO - Generated 2 location entities
2025-09-10 19:04:07,237 - __main__ - INFO - Generating 8 device proxies for tenant StartupXYZ
2025-09-10 19:04:07,237 - __main__ - INFO - Generated 8 DeviceProxyIn and 8 DeviceProxyOut entities
2025-09-10 19:04:07,237 - __main__ - INFO - Generating device configurations with 5 historical versions
2025-09-10 19:04:07,238 - __main__ - INFO - Generated 48 device configurations and 96 version edges
2025-09-10 19:04:07,239 - __main__ - INFO - Generating 30 software entities
2025-09-10 19:04:07,240 - __main__ - INFO - Generated 30 software entities
2025-09-10 19:04:07,240 - __main__ - INFO - Generating 30 hasConnection edges
2025-09-10 19:04:07,240 - __main__ - INFO - Generated 30 hasConnection edges
2025-09-10 19:04:07,240 - __main__ - INFO - Generating hasLocation edges
2025-09-10 19:04:07,240 - __main__ - INFO - Generated 8 hasLocation edges
2025-09-10 19:04:07,240 - __main__ - INFO - Generating 40 hasSoftware edges
2025-09-10 19:04:07,240 - __main__ - INFO - Generated 40 hasSoftware edges
2025-09-10 19:04:07,247 - __main__ - INFO - Completed corrected data generation: 270 total documents
2025-09-10 19:25:53,828 - __main__ - INFO - Starting final corrected data generation for tenant: Acme Corp (Scale: 1x)
2025-09-10 19:25:53,828 - __main__ - INFO - Generating 5 locations for tenant Acme Corp
2025-09-10 19:25:53,828 - __main__ - INFO - Generated 5 location entities
2025-09-10 19:25:53,828 - __main__ - INFO - Generating 20 device proxies for tenant Acme Corp
2025-09-10 19:25:53,828 - __main__ - INFO - Generated 20 DeviceProxyIn and 20 DeviceProxyOut entities
2025-09-10 19:25:53,828 - __main__ - INFO - Generating device configurations with 5 historical versions
2025-09-10 19:25:53,829 - __main__ - INFO - Generated 120 device configurations and 240 version edges
2025-09-10 19:25:53,829 - __main__ - INFO - Generating 30 software entities
2025-09-10 19:25:53,830 - __main__ - INFO - Generated 30 software entities
2025-09-10 19:25:53,830 - __main__ - INFO - Generating 30 hasConnection edges
2025-09-10 19:25:53,830 - __main__ - INFO - Generated 30 hasConnection edges
2025-09-10 19:25:53,830 - __main__ - INFO - Generating hasLocation edges
2025-09-10 19:25:53,830 - __main__ - INFO - Generated 20 hasLocation edges
2025-09-10 19:25:53,830 - __main__ - INFO - Generating 40 hasSoftware edges
2025-09-10 19:25:53,830 - __main__ - INFO - Generated 40 hasSoftware edges
2025-09-10 19:25:53,837 - __main__ - INFO - Completed final corrected data generation: 525 total documents
2025-09-10 19:25:53,838 - __main__ - INFO - Starting final corrected data generation for tenant: Global Enterprises (Scale: 3x)
2025-09-10 19:25:53,838 - __main__ - INFO - Generating 15 locations for tenant Global Enterprises
2025-09-10 19:25:53,838 - __main__ - INFO - Generated 15 location entities
2025-09-10 19:25:53,838 - __main__ - INFO - Generating 60 device proxies for tenant Global Enterprises
2025-09-10 19:25:53,838 - __main__ - INFO - Generated 60 DeviceProxyIn and 60 DeviceProxyOut entities
2025-09-10 19:25:53,838 - __main__ - INFO - Generating device configurations with 5 historical versions
2025-09-10 19:25:53,841 - __main__ - INFO - Generated 360 device configurations and 720 version edges
2025-09-10 19:25:53,841 - __main__ - INFO - Generating 90 software entities
2025-09-10 19:25:53,843 - __main__ - INFO - Generated 90 software entities
2025-09-10 19:25:53,843 - __main__ - INFO - Generating 90 hasConnection edges
2025-09-10 19:25:53,843 - __main__ - INFO - Generated 90 hasConnection edges
2025-09-10 19:25:53,843 - __main__ - INFO - Generating hasLocation edges
2025-09-10 19:25:53,843 - __main__ - INFO - Generated 60 hasLocation edges
2025-09-10 19:25:53,843 - __main__ - INFO - Generating 120 hasSoftware edges
2025-09-10 19:25:53,843 - __main__ - INFO - Generated 86 hasSoftware edges
2025-09-10 19:25:53,864 - __main__ - INFO - Completed final corrected data generation: 1541 total documents
2025-09-10 19:25:53,864 - __main__ - INFO - Starting final corrected data generation for tenant: StartupXYZ (Scale: 1x)
2025-09-10 19:25:53,864 - __main__ - INFO - Generating 2 locations for tenant StartupXYZ
2025-09-10 19:25:53,864 - __main__ - INFO - Generated 2 location entities
2025-09-10 19:25:53,864 - __main__ - INFO - Generating 8 device proxies for tenant StartupXYZ
2025-09-10 19:25:53,864 - __main__ - INFO - Generated 8 DeviceProxyIn and 8 DeviceProxyOut entities
2025-09-10 19:25:53,864 - __main__ - INFO - Generating device configurations with 5 historical versions
2025-09-10 19:25:53,865 - __main__ - INFO - Generated 48 device configurations and 96 version edges
2025-09-10 19:25:53,865 - __main__ - INFO - Generating 30 software entities
2025-09-10 19:25:53,865 - __main__ - INFO - Generated 30 software entities
2025-09-10 19:25:53,865 - __main__ - INFO - Generating 30 hasConnection edges
2025-09-10 19:25:53,866 - __main__ - INFO - Generated 30 hasConnection edges
2025-09-10 19:25:53,866 - __main__ - INFO - Generating hasLocation edges
2025-09-10 19:25:53,866 - __main__ - INFO - Generated 8 hasLocation edges
2025-09-10 19:25:53,866 - __main__ - INFO - Generating 40 hasSoftware edges
2025-09-10 19:25:53,866 - __main__ - INFO - Generated 40 hasSoftware edges
2025-09-10 19:25:53,871 - __main__ - INFO - Completed final corrected data generation: 270 total documents
